{"/Users/isuvorov/projects/lib-starter-kit/packages/lib1/src/Link.jsx": {"path":"/Users/isuvorov/projects/lib-starter-kit/packages/lib1/src/Link.jsx","statementMap":{"0":{"start":{"line":3,"column":15},"end":{"line":6,"column":1}},"1":{"start":{"line":10,"column":4},"end":{"line":10,"column":17}},"2":{"start":{"line":12,"column":4},"end":{"line":12,"column":55}},"3":{"start":{"line":13,"column":4},"end":{"line":13,"column":55}},"4":{"start":{"line":15,"column":4},"end":{"line":17,"column":6}},"5":{"start":{"line":21,"column":4},"end":{"line":21,"column":49}},"6":{"start":{"line":25,"column":4},"end":{"line":25,"column":48}},"7":{"start":{"line":29,"column":26},"end":{"line":29,"column":36}},"8":{"start":{"line":30,"column":38},"end":{"line":30,"column":48}},"9":{"start":{"line":31,"column":4},"end":{"line":41,"column":6}}},"fnMap":{"0":{"name":"(anonymous_0)","decl":{"start":{"line":9,"column":2},"end":{"line":9,"column":3}},"loc":{"start":{"line":9,"column":21},"end":{"line":18,"column":3}},"line":9},"1":{"name":"(anonymous_1)","decl":{"start":{"line":20,"column":2},"end":{"line":20,"column":3}},"loc":{"start":{"line":20,"column":18},"end":{"line":22,"column":3}},"line":20},"2":{"name":"(anonymous_2)","decl":{"start":{"line":24,"column":2},"end":{"line":24,"column":3}},"loc":{"start":{"line":24,"column":18},"end":{"line":26,"column":3}},"line":24},"3":{"name":"(anonymous_3)","decl":{"start":{"line":28,"column":2},"end":{"line":28,"column":3}},"loc":{"start":{"line":28,"column":11},"end":{"line":42,"column":3}},"line":28}},"branchMap":{"0":{"loc":{"start":{"line":34,"column":14},"end":{"line":34,"column":25}},"type":"binary-expr","locations":[{"start":{"line":34,"column":14},"end":{"line":34,"column":18}},{"start":{"line":34,"column":22},"end":{"line":34,"column":25}}],"line":34}},"s":{"0":1,"1":1,"2":1,"3":1,"4":1,"5":1,"6":1,"7":3,"8":3,"9":3},"f":{"0":1,"1":1,"2":1,"3":3},"b":{"0":[3,0]},"_coverageSchema":"43e27e138ebf9cfc5966b082cf9a028302ed4184","hash":"81c6a69c5a573fd389484a56cc01548e34bc680c"}
,"/Users/isuvorov/projects/lib-starter-kit/packages/lib1/src/plus.js": {"path":"/Users/isuvorov/projects/lib-starter-kit/packages/lib1/src/plus.js","statementMap":{"0":{"start":{"line":1,"column":25},"end":{"line":1,"column":58}}},"fnMap":{"0":{"name":"(anonymous_0)","decl":{"start":{"line":1,"column":15},"end":{"line":1,"column":16}},"loc":{"start":{"line":1,"column":25},"end":{"line":1,"column":58}},"line":1}},"branchMap":{},"s":{"0":5},"f":{"0":5},"b":{},"_coverageSchema":"43e27e138ebf9cfc5966b082cf9a028302ed4184","hash":"4c64f2fea0f97346efc45f3ad554cc0978c27c47"}
}
