TN:
SF:/Users/isuvorov/projects/lib-starter-kit/packages/lib1/src/Link.jsx
FN:9,(anonymous_0)
FN:20,(anonymous_1)
FN:24,(anonymous_2)
FN:28,(anonymous_3)
FNF:4
FNH:4
FNDA:1,(anonymous_0)
FNDA:1,(anonymous_1)
FNDA:1,(anonymous_2)
FNDA:3,(anonymous_3)
DA:3,1
DA:10,1
DA:12,1
DA:13,1
DA:15,1
DA:21,1
DA:25,1
DA:29,3
DA:30,3
DA:31,3
LF:10
LH:10
BRDA:34,0,0,3
BRDA:34,0,1,0
BRF:2
BRH:1
end_of_record
TN:
SF:/Users/isuvorov/projects/lib-starter-kit/packages/lib1/src/plus.js
FN:1,(anonymous_0)
FNF:1
FNH:1
FNDA:5,(anonymous_0)
DA:1,5
LF:1
LH:1
BRF:0
BRH:0
end_of_record
